<?xml version="1.0" encoding="UTF-8"?>
<testsuite xmlns:xsi="http://www.w3.org/2001/XMLSchema-instance" xsi:noNamespaceSchemaLocation="https://maven.apache.org/surefire/maven-surefire-plugin/xsd/surefire-test-report-3.0.xsd" version="3.0" name="br.com.faluz.DeviceControllerIntegrationTest" time="13.372" tests="3" errors="0" skipped="0" failures="0">
  <properties>
[...]
</properties>
  <testcase name="createContractedDevice_returnsCreatedStatus" classname="br.com.faluz.DeviceControllerIntegrationTest" time="4.708">
    <system-out><![CDATA[21:16:35.454 [main] INFO org.springframework.test.context.support.AnnotationConfigContextLoaderUtils -- Could not detect default configuration classes for test class [br.com.faluz.DeviceControllerIntegrationTest]: DeviceControllerIntegrationTest does not declare any static, non-private, non-final, nested classes annotated with @Configuration.
21:16:35.912 [main] INFO org.springframework.boot.test.context.SpringBootTestContextBootstrapper -- Found @SpringBootConfiguration br.com.faluz.ServiceApiApplication for test class br.com.faluz.DeviceControllerIntegrationTest
  .   ____          _            __ _ _
 /\\ / ___'_ __ _ _(_)_ __  __ _ \ \ \ \
( ( )\___ | '_ | '_| | '_ \/ _` | \ \ \ \
 \\/  ___)| |_)| | | | | || (_| |  ) ) ) )
  '  |____| .__|_| |_|_| |_\__, | / / / /
 =========|_|==============|___/=/_/_/_/

 :: Spring Boot ::                (v3.3.0)

2024-06-02T21:16:37.608-03:00  INFO 13976 --- [service-api] [           main] b.c.f.DeviceControllerIntegrationTest    : Starting DeviceControllerIntegrationTest using Java 22.0.1 with PID 13976 (started by binho in C:\Users\binho\Documents\kafka-arquitetura-limpa\service-api)
2024-06-02T21:16:37.611-03:00  INFO 13976 --- [service-api] [           main] b.c.f.DeviceControllerIntegrationTest    : No active profile set, falling back to 1 default profile: "default"
2024-06-02T21:16:41.154-03:00  INFO 13976 --- [service-api] [           main] o.s.b.w.embedded.tomcat.TomcatWebServer  : Tomcat initialized with port 0 (http)
2024-06-02T21:16:41.165-03:00  INFO 13976 --- [service-api] [           main] o.a.catalina.core.AprLifecycleListener   : An older version [1.3.0] of the Apache Tomcat Native library is installed, while Tomcat recommends a minimum version of [2.0.5]
2024-06-02T21:16:41.165-03:00  INFO 13976 --- [service-api] [           main] o.a.catalina.core.AprLifecycleListener   : Loaded Apache Tomcat Native library [1.3.0] using APR version [1.7.4].
2024-06-02T21:16:41.208-03:00  INFO 13976 --- [service-api] [           main] o.a.catalina.core.AprLifecycleListener   : OpenSSL successfully initialized [OpenSSL 3.0.13 30 Jan 2024]
2024-06-02T21:16:41.231-03:00  INFO 13976 --- [service-api] [           main] o.apache.catalina.core.StandardService   : Starting service [Tomcat]
2024-06-02T21:16:41.232-03:00  INFO 13976 --- [service-api] [           main] o.apache.catalina.core.StandardEngine    : Starting Servlet engine: [Apache Tomcat/10.1.24]
2024-06-02T21:16:41.403-03:00  INFO 13976 --- [service-api] [           main] o.a.c.c.C.[Tomcat].[localhost].[/]       : Initializing Spring embedded WebApplicationContext
2024-06-02T21:16:41.406-03:00  INFO 13976 --- [service-api] [           main] w.s.c.ServletWebServerApplicationContext : Root WebApplicationContext: initialization completed in 3730 ms
2024-06-02T21:16:43.130-03:00  INFO 13976 --- [service-api] [           main] o.s.b.w.embedded.tomcat.TomcatWebServer  : Tomcat started on port 59975 (http) with context path '/'
2024-06-02T21:16:43.164-03:00  INFO 13976 --- [service-api] [           main] b.c.f.DeviceControllerIntegrationTest    : Started DeviceControllerIntegrationTest in 6.713 seconds (process running for 12.799)
2024-06-02T21:16:46.986-03:00  INFO 13976 --- [service-api] [o-auto-1-exec-1] o.a.c.c.C.[Tomcat].[localhost].[/]       : Initializing Spring DispatcherServlet 'dispatcherServlet'
2024-06-02T21:16:46.987-03:00  INFO 13976 --- [service-api] [o-auto-1-exec-1] o.s.web.servlet.DispatcherServlet        : Initializing Servlet 'dispatcherServlet'
2024-06-02T21:16:46.989-03:00  INFO 13976 --- [service-api] [o-auto-1-exec-1] o.s.web.servlet.DispatcherServlet        : Completed initialization in 2 ms
2024-06-02T21:16:47.572-03:00  INFO 13976 --- [service-api] [o-auto-1-exec-1] br.com.faluz.app.service.DeviceService   : Processing device: device123, released: true
]]></system-out>
    <system-err><![CDATA[WARNING: A Java agent has been loaded dynamically (C:\Users\binho\.m2\repository\net\bytebuddy\byte-buddy-agent\1.14.16\byte-buddy-agent-1.14.16.jar)
WARNING: If a serviceability tool is in use, please run with -XX:+EnableDynamicAgentLoading to hide this warning
WARNING: If a serviceability tool is not in use, please run with -Djdk.instrument.traceUsage for more information
WARNING: Dynamic loading of agents will be disallowed by default in a future release
]]></system-err>
  </testcase>
  <testcase name="createContractedDevice_withNullDevice_returnsBadRequestStatus" classname="br.com.faluz.DeviceControllerIntegrationTest" time="0.07">
    <system-out><![CDATA[2024-06-02T21:16:47.983-03:00  INFO 13976 --- [service-api] [o-auto-1-exec-2] br.com.faluz.app.service.DeviceService   : Processing device: null, released: true
]]></system-out>
  </testcase>
  <testcase name="createContractedDevice_withInternalErrorSimulation_returnsInternalServerErrorStatus" classname="br.com.faluz.DeviceControllerIntegrationTest" time="0.047">
    <system-out><![CDATA[2024-06-02T21:16:48.033-03:00  INFO 13976 --- [service-api] [o-auto-1-exec-3] br.com.faluz.app.service.DeviceService   : Processing device: error, released: true
]]></system-out>
  </testcase>
</testsuite>